[ 2025-07-20 22:46:46 ] -  [32minfo[39m -  WORKER | Starting order queue processing...
[ 2025-07-20 22:46:46 ] -  [31merror[39m -  Error processing order queue: RedisManager is not defined
[ 2025-07-20 22:46:46 ] -  [32minfo[39m -  WORKER | Order worker started successfully
[ 2025-07-20 22:47:44 ] -  [32minfo[39m -  WORKER | Starting order queue processing...
[ 2025-07-20 22:47:44 ] -  [32minfo[39m -  WORKER | Order worker started successfully
[ 2025-07-20 22:48:12 ] -  [32minfo[39m -  WORKER | Starting order queue processing...
[ 2025-07-20 22:48:12 ] -  [32minfo[39m -  WORKER | Order worker started successfully
[ 2025-07-20 22:50:36 ] -  [32minfo[39m -  WORKER | Starting order queue processing...
[ 2025-07-20 22:50:36 ] -  [32minfo[39m -  WORKER | Order worker started successfully
[ 2025-07-20 22:59:44 ] -  [32minfo[39m -  WORKER | Starting order queue processing...
[ 2025-07-20 22:59:44 ] -  [32minfo[39m -  WORKER | Order worker started successfully
[ 2025-07-20 22:59:57 ] -  [32minfo[39m -  WORKER | Starting order queue processing...
[ 2025-07-20 22:59:57 ] -  [32minfo[39m -  WORKER | Order worker started successfully
[ 2025-07-20 22:59:58 ] -  [32minfo[39m -  WORKER | Starting order queue processing...
[ 2025-07-20 22:59:58 ] -  [32minfo[39m -  WORKER | Order worker started successfully
[ 2025-07-20 22:59:59 ] -  [32minfo[39m -  WORKER | Starting order queue processing...
[ 2025-07-20 22:59:59 ] -  [32minfo[39m -  WORKER | Order worker started successfully
[ 2025-07-20 23:00:02 ] -  [32minfo[39m -  WORKER | Starting order queue processing...
[ 2025-07-20 23:00:02 ] -  [32minfo[39m -  WORKER | Order worker started successfully
[ 2025-07-20 23:00:03 ] -  [32minfo[39m -  WORKER | Starting order queue processing...
[ 2025-07-20 23:00:03 ] -  [32minfo[39m -  WORKER | Order worker started successfully
[ 2025-07-20 23:00:13 ] -  [32minfo[39m -  Processing message from ORDER_QUEUE:
[ 2025-07-20 23:00:13 ] -  [32minfo[39m -  Order processed:
[ 2025-07-20 23:00:29 ] -  [32minfo[39m -  Processing message from ORDER_QUEUE:
[ 2025-07-20 23:00:29 ] -  [32minfo[39m -  Order processed:
[ 2025-07-21 00:29:43 ] -  [32minfo[39m -  WORKER | Starting order queue processing...
[ 2025-07-21 00:29:43 ] -  [32minfo[39m -  WORKER | Order worker started successfully
